<?xml version="1.0" encoding="UTF-8"?>
<testng-results skipped="0" failed="0" ignored="0" total="4" passed="4">
  <reporter-output>
  </reporter-output>
  <suite name="Suite" duration-ms="61" started-at="2020-04-11T11:43:39 IST" finished-at="2020-04-11T11:43:39 IST">
    <groups>
    </groups>
    <test name="Test" duration-ms="61" started-at="2020-04-11T11:43:39 IST" finished-at="2020-04-11T11:43:39 IST">
      <class name="qaclickacademy.RestAPITest">
        <test-method status="PASS" signature="deleteTwitter()[pri:0, instance:qaclickacademy.RestAPITest@71423665]" name="deleteTwitter" duration-ms="1" started-at="2020-04-11T11:43:39 IST" finished-at="2020-04-11T11:43:39 IST">
          <reporter-output>
          </reporter-output>
        </test-method> <!-- deleteTwitter -->
        <test-method status="PASS" signature="postJira()[pri:0, instance:qaclickacademy.RestAPITest@71423665]" name="postJira" duration-ms="0" started-at="2020-04-11T11:43:39 IST" finished-at="2020-04-11T11:43:39 IST">
          <reporter-output>
          </reporter-output>
        </test-method> <!-- postJira -->
      </class> <!-- qaclickacademy.RestAPITest -->
      <class name="qaclickacademy.SeleniumTest">
        <test-method status="PASS" signature="browserAutomationSelenium()[pri:0, instance:qaclickacademy.SeleniumTest@2ac273d3]" name="browserAutomationSelenium" duration-ms="5" started-at="2020-04-11T11:43:39 IST" finished-at="2020-04-11T11:43:39 IST">
          <reporter-output>
          </reporter-output>
        </test-method> <!-- browserAutomationSelenium -->
        <test-method status="PASS" signature="elementsUI()[pri:0, instance:qaclickacademy.SeleniumTest@2ac273d3]" name="elementsUI" duration-ms="1" started-at="2020-04-11T11:43:39 IST" finished-at="2020-04-11T11:43:39 IST">
          <reporter-output>
          </reporter-output>
        </test-method> <!-- elementsUI -->
      </class> <!-- qaclickacademy.SeleniumTest -->
    </test> <!-- Test -->
  </suite> <!-- Suite -->
</testng-results>
